{
  "RSpec": {
    "coverage": {
      "/Users/guillaumebouffard/Projects/airline_report_maker/lib/report_maker.rb": [
        1,
        null,
        1,
        1,
        null,
        null,
        null,
        null,
        null,
        null,
        null,
        null,
        null,
        null,
        null,
        1,
        23,
        23,
        23,
        22,
        22,
        22,
        22,
        22,
        null,
        22,
        null,
        null,
        1,
        23,
        null,
        null,
        1,
        22,
        22,
        22,
        22,
        22,
        22,
        null,
        null,
        1,
        22,
        22,
        220,
        22,
        220,
        22,
        220,
        null,
        null,
        1,
        22,
        220,
        null,
        null,
        1,
        22,
        22,
        22,
        null,
        null,
        1,
        22,
        198,
        11,
        null,
        null,
        null,
        null,
        1,
        22,
        22,
        null,
        null,
        1,
        22,
        22,
        null,
        null,
        1,
        22,
        22,
        22,
        null,
        null,
        1,
        22,
        22,
        22,
        22,
        null,
        null,
        1,
        22,
        22,
        22,
        null,
        null
      ]
    },
    "timestamp": 1442196549
  }
}
